<?xml version="1.0" encoding="UTF-8"?>
<!-- Generated by org.testng.reporters.JUnitXMLReporter -->
<testsuite hostname="DESKTOP-GG6HKPR" ignored="1" tests="6" failures="0" timestamp="12 May 2023 06:09:41 GMT" time="0.44" errors="0">
  <testcase name="@BeforeClass beforeClass" time="0.0" classname="TestNG_Day10">
    <failure type="org.testng.TestNGException" message="
Parameter &amp;apos;browser&amp;apos; is required by BeforeClass on method beforeClass but has not been marked @Optional or defined
">
      <![CDATA[org.testng.TestNGException: 
Parameter 'browser' is required by BeforeClass on method beforeClass but has not been marked @Optional or defined

... Removed 33 stack frames]]>
    </failure>
  </testcase> <!-- @BeforeClass beforeClass -->
  <testcase name="@BeforeMethod beforeMethod" time="0.0" classname="TestNG_Day10">
    <skipped/>
  </testcase> <!-- @BeforeMethod beforeMethod -->
  <testcase name="@AfterMethod afterMethod" time="0.0" classname="TestNG_Day10">
    <skipped/>
  </testcase> <!-- @AfterMethod afterMethod -->
  <testcase name="@BeforeMethod beforeMethod" time="0.0" classname="TestNG_Day10">
    <skipped/>
  </testcase> <!-- @BeforeMethod beforeMethod -->
  <testcase name="@AfterMethod afterMethod" time="0.0" classname="TestNG_Day10">
    <skipped/>
  </testcase> <!-- @AfterMethod afterMethod -->
  <testcase name="@AfterClass afterClass" time="0.0" classname="TestNG_Day10">
    <skipped/>
  </testcase> <!-- @AfterClass afterClass -->
  <testcase name="@BeforeClass setupBrowser" time="0.0" classname="TestTiki">
    <failure type="org.testng.TestNGException" message="
Parameter &amp;apos;browser&amp;apos; is required by BeforeClass on method setupBrowser but has not been marked @Optional or defined
">
      <![CDATA[org.testng.TestNGException: 
Parameter 'browser' is required by BeforeClass on method setupBrowser but has not been marked @Optional or defined

... Removed 33 stack frames]]>
    </failure>
  </testcase> <!-- @BeforeClass setupBrowser -->
  <testcase name="@BeforeMethod openUrl" time="0.0" classname="TestTiki">
    <skipped/>
  </testcase> <!-- @BeforeMethod openUrl -->
  <testcase name="@BeforeMethod openUrl" time="0.0" classname="TestTiki">
    <skipped/>
  </testcase> <!-- @BeforeMethod openUrl -->
  <testcase name="@BeforeMethod openUrl" time="0.0" classname="TestTiki">
    <skipped/>
  </testcase> <!-- @BeforeMethod openUrl -->
  <testcase name="@BeforeMethod openUrl" time="0.0" classname="TestTiki">
    <skipped/>
  </testcase> <!-- @BeforeMethod openUrl -->
  <testcase name="@AfterClass tearDown" time="0.0" classname="TestTiki">
    <skipped/>
  </testcase> <!-- @AfterClass tearDown -->
  <testcase name="@AfterTest afterTest" time="0.0" classname="TestNG_Day10">
    <skipped/>
  </testcase> <!-- @AfterTest afterTest -->
  <testcase name="test02_edit_data" time="0.0" classname="TestNG_Day10">
    <skipped/>
  </testcase> <!-- test02_edit_data -->
  <testcase name="test03_delete" time="0.0" classname="TestNG_Day10">
    <skipped/>
  </testcase> <!-- test03_delete -->
  <testcase name="testSearch" time="0.0" classname="TestTiki">
    <skipped/>
  </testcase> <!-- testSearch -->
  <testcase name="testSearch" time="0.0" classname="TestTiki">
    <skipped/>
  </testcase> <!-- testSearch -->
  <testcase name="testSearch" time="0.0" classname="TestTiki">
    <skipped/>
  </testcase> <!-- testSearch -->
  <testcase name="testSearch" time="0.0" classname="TestTiki">
    <skipped/>
  </testcase> <!-- testSearch -->
  <testcase name="Test01_Create_Product" time="0.0" classname="TestNG_Day10">
    <ignored/>
  </testcase> <!-- Test01_Create_Product -->
</testsuite>
